<?xml version="1.0" encoding="UTF-8"?>
<!-- Generated by org.testng.reporters.JUnitReportReporter -->
<testsuite skipped="0" hostname="DESKTOP-1GHSI7G" name="table.data.TestTableData" tests="1" failures="0" timestamp="25 Nov 2019 02:03:26 GMT" time="7.643" errors="0">
  <testcase name="scrapeTable" time="7.643" classname="table.data.TestTableData"/>
</testsuite> <!-- table.data.TestTableData -->
