<?xml version="1.0" encoding="UTF-8"?>
<!-- Generated by org.testng.reporters.JUnitReportReporter -->
<testsuite skipped="0" hostname="DESKTOP-1GHSI7G" name="amazonhome.TestAmazonHomePage" tests="1" failures="0" timestamp="25 Nov 2019 02:02:55 GMT" time="7.128" errors="0">
  <testcase name="testSearchTextBox" time="7.128" classname="amazonhome.TestAmazonHomePage"/>
</testsuite> <!-- amazonhome.TestAmazonHomePage -->
