<?xml version="1.0" encoding="UTF-8"?>
<!-- Generated by org.testng.reporters.JUnitReportReporter -->
<testsuite skipped="0" hostname="DESKTOP-1GHSI7G" name="home.TestNews" tests="1" failures="0" timestamp="25 Nov 2019 02:03:17 GMT" time="20.063" errors="0">
  <testcase name="test1" time="20.063" classname="home.TestNews"/>
</testsuite> <!-- home.TestNews -->
